[technext.github.io/elearning/index.html]
[backblue.gif]
[fade.gif]
[index.html]
[technext.github.io/elearning/img/favicon.ico]
[fonts.googleapis.com/index.html]
[cdnjs.cloudflare.com/ajax/libs/font-awesome/5.10.0/css/all.min.css]
[cdn.jsdelivr.net/npm/bootstrap-icons@1.4.1/font/bootstrap-icons.css]
[technext.github.io/elearning/lib/animate/animate.min.css]
[technext.github.io/elearning/lib/owlcarousel/assets/owl.carousel.min.css]
[technext.github.io/elearning/css/bootstrap.min.css]
[technext.github.io/elearning/css/style.css]
[technext.github.io/elearning/about.html]
[technext.github.io/elearning/courses.html]
[technext.github.io/elearning/team.html]
[technext.github.io/elearning/testimonial.html]
[technext.github.io/elearning/404.html]
[technext.github.io/elearning/contact.html]
[technext.github.io/elearning/img/carousel-1.jpg]
[technext.github.io/elearning/img/carousel-2.jpg]
[technext.github.io/elearning/img/about.jpg]
[technext.github.io/elearning/img/cat-1.jpg]
[technext.github.io/elearning/img/cat-2.jpg]
[technext.github.io/elearning/img/cat-3.jpg]
[technext.github.io/elearning/img/cat-4.jpg]
[technext.github.io/elearning/img/course-1.jpg]
[technext.github.io/elearning/img/course-2.jpg]
[technext.github.io/elearning/img/course-3.jpg]
[technext.github.io/elearning/img/team-1.jpg]
[technext.github.io/elearning/img/team-2.jpg]
[technext.github.io/elearning/img/team-3.jpg]
[technext.github.io/elearning/img/team-4.jpg]
[technext.github.io/elearning/img/testimonial-1.jpg]
[technext.github.io/elearning/img/testimonial-2.jpg]
[technext.github.io/elearning/img/testimonial-3.jpg]
[technext.github.io/elearning/img/testimonial-4.jpg]
[code.jquery.com/jquery-3.4.1.min.js]
[cdn.jsdelivr.net/npm/bootstrap@5.0.0/dist/js/bootstrap.bundle.min.js]
[technext.github.io/elearning/lib/wow/wow.min.js]
[technext.github.io/elearning/lib/easing/easing.min.js]
[technext.github.io/elearning/lib/waypoints/waypoints.min.js]
[technext.github.io/elearning/lib/owlcarousel/owl.carousel.min.js]
[technext.github.io/elearning/js/main.js]
[technext.github.io/elearning/index.html]
[fonts.googleapis.com/index.html]
[fonts.gstatic.com/index.html]
[fonts.googleapis.com/css2107b.css]
[technext.github.io/elearning/about.html]
[technext.github.io/elearning/courses.html]
[technext.github.io/elearning/team.html]
[technext.github.io/elearning/testimonial.html]
[technext.github.io/elearning/404.html]
[technext.github.io/elearning/contact.html]
[technext.github.io/elearning/img/favicon.html]
[technext.github.io/elearning/img/carousel-1.jpg]
[cdnjs.cloudflare.com/ajax/libs/font-awesome/5.10.0/webfonts/fa-brands-400.svg]
[cdnjs.cloudflare.com/ajax/libs/font-awesome/5.10.0/webfonts/fa-regular-400.svg]
[cdnjs.cloudflare.com/ajax/libs/font-awesome/5.10.0/css/all.min.css]
[cdnjs.cloudflare.com/ajax/libs/font-awesome/5.10.0/webfonts/fa-solid-900.svg]
[cdn.jsdelivr.net/npm/bootstrap-icons@1.4.1/font/fonts/bootstrap-iconsfb95.woff2]
[cdn.jsdelivr.net/npm/bootstrap-icons@1.4.1/font/fonts/bootstrap-iconsfb95.woff]
[cdn.jsdelivr.net/npm/bootstrap-icons@1.4.1/font/bootstrap-icons.css]
[technext.github.io/elearning/lib/animate/animate.min.css]
[technext.github.io/elearning/lib/owlcarousel/assets/owl.carousel.min.css]
[technext.github.io/elearning/css/bootstrap.min.css]
[technext.github.io/elearning/css/style.css]
[cdnjs.cloudflare.com/ajax/libs/font-awesome/5.10.0/webfonts/fa-brands-400.svg]
[cdnjs.cloudflare.com/ajax/libs/font-awesome/5.10.0/webfonts/fa-regular-400.svg]
[cdnjs.cloudflare.com/ajax/libs/font-awesome/5.10.0/webfonts/fa-solid-900.svg]
[technext.github.io/elearning/lib/owlcarousel/assets/owl.video.play.png]
